[ERROR] 2022-12-15 11:09:30.822 [main] Board_All_Crud_operation_Test - Board Created Successfully
[INFO ] 2022-12-15 11:11:20.780 [main] Board_All_Crud_operation_Test - Board Created Successfully
[INFO ] 2022-12-15 13:56:39.917 [main] Board_All_Crud_operation_Test - Board Created Successfully
[INFO ] 2022-12-15 13:56:40.716 [main] Board_All_Crud_operation_Test - Board Created Successfully
[INFO ] 2022-12-15 13:56:41.576 [main] Board_All_Crud_operation_Test - Board Updated Successfully
[INFO ] 2022-12-15 13:57:04.217 [main] Board_All_Crud_operation_Test - Board Deleted Successfully
[INFO ] 2022-12-15 14:00:12.586 [main] Organization_All_Crud_operation - Organization  Created Successfully
[INFO ] 2022-12-15 14:00:13.421 [main] Organization_All_Crud_operation - Organization Get Created Successfully
[INFO ] 2022-12-15 14:00:14.156 [main] Organization_All_Crud_operation - Organization updated  Successfully
[INFO ] 2022-12-15 14:00:15.212 [main] Organization_All_Crud_operation - Organization Delete  Successfully
[INFO ] 2022-12-15 14:04:15.928 [main] Label_All_Crud_operation_with_negative_Scenario - Cards  Created Successfully
[INFO ] 2022-12-15 14:04:16.668 [main] Label_All_Crud_operation_with_negative_Scenario - Cards Get Created Successfully
[INFO ] 2022-12-15 14:04:17.467 [main] Label_All_Crud_operation_with_negative_Scenario - Cards updated Successfully
[INFO ] 2022-12-15 14:04:18.537 [main] Label_All_Crud_operation_with_negative_Scenario - Cards Delete Successfully
[INFO ] 2022-12-15 14:05:46.206 [main] Label_All_Crud_operation_with_negative_Scenario - Label  Created Successfully
[INFO ] 2022-12-15 14:05:46.960 [main] Label_All_Crud_operation_with_negative_Scenario - Label Get Created Successfully
[INFO ] 2022-12-15 14:06:08.784 [main] Label_All_Crud_operation_with_negative_Scenario - Label updated Successfully
[INFO ] 2022-12-15 14:06:09.636 [main] Label_All_Crud_operation_with_negative_Scenario - Label Delete Successfully
[INFO ] 2022-12-15 14:07:01.254 [main] List_All_Crud_operation - List Created Successfully
[INFO ] 2022-12-15 14:07:01.981 [main] List_All_Crud_operation - List Get Created Successfully
[INFO ] 2022-12-15 14:07:02.762 [main] List_All_Crud_operation - List updated Successfully
[INFO ] 2022-12-15 14:53:25.993 [main] Organization_All_Crud_operation - Organization  Created Successfully
[INFO ] 2022-12-15 14:53:26.781 [main] List_All_Crud_operation - List Created Successfully
[INFO ] 2022-12-15 14:53:27.830 [main] Board_All_Crud_operation_Test - Board Created Successfully
[INFO ] 2022-12-15 14:53:28.980 [main] Label_All_Crud_operation_with_negative_Scenario - Cards  Created Successfully
[INFO ] 2022-12-15 14:53:29.745 [main] Label_All_Crud_operation_with_negative_Scenario - Label  Created Successfully
[INFO ] 2022-12-15 14:55:26.244 [main] Organization_All_Crud_operation - Organization  Created Successfully
[INFO ] 2022-12-15 14:55:27.047 [main] List_All_Crud_operation - List Created Successfully
[INFO ] 2022-12-15 14:55:27.989 [main] Board_All_Crud_operation_Test - Board Created Successfully
[INFO ] 2022-12-15 14:55:28.942 [main] Label_All_Crud_operation_with_negative_Scenario - Cards  Created Successfully
[INFO ] 2022-12-15 14:55:29.702 [main] Label_All_Crud_operation_with_negative_Scenario - Label  Created Successfully
[INFO ] 2022-12-15 14:56:49.670 [main] Organization_All_Crud_operation - Organization  Created Successfully
[INFO ] 2022-12-15 14:56:50.553 [main] List_All_Crud_operation - List Created Successfully
[INFO ] 2022-12-15 14:56:51.500 [main] Board_All_Crud_operation_Test - Board Created Successfully
[INFO ] 2022-12-15 14:56:52.419 [main] Label_All_Crud_operation_with_negative_Scenario - Cards  Created Successfully
[INFO ] 2022-12-15 14:56:53.240 [main] Label_All_Crud_operation_with_negative_Scenario - Label  Created Successfully
[INFO ] 2022-12-15 15:13:29.186 [main] Label_All_Crud_operation_with_negative_Scenario - Label  Created Successfully
[INFO ] 2022-12-15 15:13:29.928 [main] Label_All_Crud_operation_with_negative_Scenario - Label Get Created Successfully
[INFO ] 2022-12-15 15:13:31.578 [main] Label_All_Crud_operation_with_negative_Scenario - Label Delete Successfully
[INFO ] 2022-12-15 17:06:41.165 [main] Board_All_Crud_operation_Test - Board Created Successfully
[INFO ] 2022-12-15 17:13:23.896 [main] Board_All_Crud_operation_Test - Board Created Successfully
[INFO ] 2022-12-15 17:14:46.047 [main] Board_All_Crud_operation_Test - Board Created Successfully
[INFO ] 2022-12-15 17:16:07.142 [main] Board_All_Crud_operation_Test - Board Created Successfully
[INFO ] 2022-12-15 17:31:48.954 [main] Board_All_Crud_operation_Test - Board Created Successfully
[INFO ] 2022-12-15 17:31:49.832 [main] Board_All_Crud_operation_Test - Board Get Created Successfully
[INFO ] 2022-12-15 17:31:50.737 [main] Board_All_Crud_operation_Test - Board Updated Successfully
[INFO ] 2022-12-15 17:31:52.765 [main] Board_All_Crud_operation_Test - Board Deleted Successfully
[INFO ] 2022-12-15 17:54:23.768 [main] Label_All_Crud_operation_with_negative_Scenario - Cards  Created Successfully
[INFO ] 2022-12-15 17:54:24.680 [main] Label_All_Crud_operation_with_negative_Scenario - Cards Get Created Successfully
[INFO ] 2022-12-15 17:54:25.621 [main] Label_All_Crud_operation_with_negative_Scenario - Cards updated Successfully
[INFO ] 2022-12-15 17:54:48.003 [main] Label_All_Crud_operation_with_negative_Scenario - Cards Delete Successfully
[INFO ] 2022-12-15 18:11:41.215 [main] Board_All_Crud_operation_Test - Board Created Successfully
[INFO ] 2022-12-15 18:13:30.761 [main] Board_All_Crud_operation_Test - Board Created Successfully
[INFO ] 2022-12-15 18:13:31.692 [main] Board_All_Crud_operation_Test - Board Get Created Successfully
[INFO ] 2022-12-15 18:13:32.699 [main] Board_All_Crud_operation_Test - Board Updated Successfully
[INFO ] 2022-12-15 18:13:34.599 [main] Board_All_Crud_operation_Test - Board Deleted Successfully
[INFO ] 2022-12-15 18:21:40.928 [main] List_All_Crud_operation - List Created Successfully
[INFO ] 2022-12-15 18:21:41.850 [main] List_All_Crud_operation - List Get Created Successfully
[INFO ] 2022-12-15 18:21:42.754 [main] List_All_Crud_operation - List updated Successfully
[INFO ] 2022-12-15 22:14:49.703 [main] Label_All_Crud_operation_with_negative_Scenario - Cards  Created Successfully
[INFO ] 2022-12-15 22:14:51.881 [main] Label_All_Crud_operation_with_negative_Scenario - Cards Get Created Successfully
[INFO ] 2022-12-15 22:14:57.294 [main] Label_All_Crud_operation_with_negative_Scenario - Cards updated Successfully
[INFO ] 2022-12-15 22:14:59.903 [main] Label_All_Crud_operation_with_negative_Scenario - Cards Delete Successfully
[INFO ] 2022-12-15 22:30:21.386 [main] Organization_All_Crud_operation - Organization  Created Successfully
[INFO ] 2022-12-15 22:30:22.656 [main] Organization_All_Crud_operation - Organization Get Created Successfully
[INFO ] 2022-12-15 22:30:25.793 [main] Organization_All_Crud_operation - Organization Delete  Successfully
[INFO ] 2022-12-15 22:39:10.561 [main] Organization_All_Crud_operation - Organization  Created Successfully
[INFO ] 2022-12-15 22:39:11.864 [main] Organization_All_Crud_operation - Organization Get Created Successfully
[INFO ] 2022-12-15 22:39:14.800 [main] Organization_All_Crud_operation - Organization Delete  Successfully
[INFO ] 2022-12-15 23:09:49.321 [main] Label_All_Crud_operation_with_negative_Scenario - Label  Created Successfully
[INFO ] 2022-12-15 23:09:51.062 [main] Label_All_Crud_operation_with_negative_Scenario - Label Get Created Successfully
[INFO ] 2022-12-15 23:09:52.306 [main] Label_All_Crud_operation_with_negative_Scenario - Label updated Successfully
[INFO ] 2022-12-15 23:09:53.696 [main] Label_All_Crud_operation_with_negative_Scenario - Label Delete Successfully
[INFO ] 2022-12-15 23:14:47.166 [main] Organization_All_Crud_operation - Organization  Created Successfully
[INFO ] 2022-12-15 23:14:48.620 [main] Organization_All_Crud_operation - Organization Get Created Successfully
[INFO ] 2022-12-15 23:14:50.082 [main] Organization_All_Crud_operation - Organization updated  Successfully
[INFO ] 2022-12-15 23:14:51.862 [main] Organization_All_Crud_operation - Organization Delete  Successfully
[INFO ] 2022-12-15 23:15:46.381 [main] Organization_All_Crud_operation - Organization  Created Successfully
[INFO ] 2022-12-15 23:15:47.899 [main] List_All_Crud_operation - List Created Successfully
[INFO ] 2022-12-15 23:15:49.237 [main] Board_All_Crud_operation_Test - Board Created Successfully
[INFO ] 2022-12-15 23:15:50.882 [main] Card_All_Crud_operation - Cards  Created Successfully
[INFO ] 2022-12-15 23:15:52.349 [main] Label_All_Crud_operation_with_negative_Scenario - Label  Created Successfully
[INFO ] 2022-12-16 10:10:58.193 [main] Board_All_Crud_operation_Test - Board Created Successfully
[INFO ] 2022-12-16 10:10:59.255 [main] Board_All_Crud_operation_Test - Board Get Created Successfully
[INFO ] 2022-12-16 10:11:00.351 [main] Board_All_Crud_operation_Test - Board Updated Successfully
[INFO ] 2022-12-16 10:11:02.096 [main] Board_All_Crud_operation_Test - Board Deleted Successfully
[INFO ] 2022-12-16 10:15:07.750 [main] Organization_All_Crud_operation - Organization  Created Successfully
[INFO ] 2022-12-16 10:15:08.810 [main] List_All_Crud_operation - List Created Successfully
[INFO ] 2022-12-16 10:15:10.027 [main] Board_All_Crud_operation_Test - Board Created Successfully
[INFO ] 2022-12-16 10:15:11.202 [main] Card_All_Crud_operation - Cards  Created Successfully
[INFO ] 2022-12-16 10:15:12.223 [main] Label_All_Crud_operation_with_negative_Scenario - Label  Created Successfully
[INFO ] 2022-12-16 13:34:05.519 [main] Label_All_Crud_operation_with_negative_Scenario - Label  Created Successfully
[INFO ] 2022-12-16 13:34:07.075 [main] Label_All_Crud_operation_with_negative_Scenario - Label updated Successfully
[INFO ] 2022-12-16 13:34:08.667 [main] Label_All_Crud_operation_with_negative_Scenario - Label Delete Successfully
[INFO ] 2022-12-16 13:37:19.451 [main] Label_All_Crud_operation_with_negative_Scenario - Label Delete Successfully
[INFO ] 2022-12-16 13:37:55.495 [main] Label_All_Crud_operation_with_negative_Scenario - Label  Created Successfully
[INFO ] 2022-12-16 13:37:57.949 [main] Label_All_Crud_operation_with_negative_Scenario - Label updated Successfully
[INFO ] 2022-12-16 13:37:59.372 [main] Label_All_Crud_operation_with_negative_Scenario - Label Delete Successfully
[INFO ] 2022-12-16 13:38:46.703 [main] Label_All_Crud_operation_with_negative_Scenario - Label  Created Successfully
[INFO ] 2022-12-16 13:38:47.941 [main] Label_All_Crud_operation_with_negative_Scenario - Label Get Created Successfully
[INFO ] 2022-12-16 13:38:49.232 [main] Label_All_Crud_operation_with_negative_Scenario - Label updated Successfully
[INFO ] 2022-12-16 13:38:50.674 [main] Label_All_Crud_operation_with_negative_Scenario - Label Delete Successfully
[INFO ] 2022-12-16 13:40:14.566 [main] Label_All_Crud_operation_with_negative_Scenario - Label  Created Successfully
[INFO ] 2022-12-16 13:40:15.897 [main] Label_All_Crud_operation_with_negative_Scenario - Label Get Created Successfully
[INFO ] 2022-12-16 13:40:17.942 [main] Label_All_Crud_operation_with_negative_Scenario - Label updated Successfully
[INFO ] 2022-12-16 13:40:19.540 [main] Label_All_Crud_operation_with_negative_Scenario - Label Delete Successfully
[INFO ] 2022-12-16 13:43:18.289 [main] Label_All_Crud_operation_with_negative_Scenario - Label  Created Successfully
[INFO ] 2022-12-16 13:43:19.483 [main] Label_All_Crud_operation_with_negative_Scenario - Label Get Created Successfully
[INFO ] 2022-12-16 13:43:21.027 [main] Label_All_Crud_operation_with_negative_Scenario - Label updated Successfully
[INFO ] 2022-12-16 13:43:22.340 [main] Label_All_Crud_operation_with_negative_Scenario - Label Delete Successfully
[INFO ] 2022-12-16 13:47:07.243 [main] Organization_All_Crud_operation - Organization  Created Successfully
[INFO ] 2022-12-16 13:47:08.664 [main] List_All_Crud_operation - List Created Successfully
[INFO ] 2022-12-16 13:47:10.201 [main] Board_All_Crud_operation_Test - Board Created Successfully
[INFO ] 2022-12-16 13:47:11.827 [main] Card_All_Crud_operation - Cards  Created Successfully
[INFO ] 2022-12-16 13:47:13.256 [main] Label_All_Crud_operation_with_negative_Scenario - Label  Created Successfully
[INFO ] 2022-12-16 13:50:56.310 [main] Organization_All_Crud_operation - Organization  Created Successfully
[INFO ] 2022-12-16 13:50:57.510 [main] List_All_Crud_operation - List Created Successfully
[INFO ] 2022-12-16 13:50:59.370 [main] Board_All_Crud_operation_Test - Board Created Successfully
[INFO ] 2022-12-16 13:51:00.822 [main] Card_All_Crud_operation - Cards  Created Successfully
[INFO ] 2022-12-16 13:51:01.989 [main] Label_All_Crud_operation_with_negative_Scenario - Label  Created Successfully
[INFO ] 2022-12-16 13:53:46.691 [main] Organization_All_Crud_operation - Organization  Created Successfully
[INFO ] 2022-12-16 13:53:48.107 [main] List_All_Crud_operation - List Created Successfully
[INFO ] 2022-12-16 13:53:49.545 [main] Board_All_Crud_operation_Test - Board Created Successfully
[INFO ] 2022-12-16 13:53:51.061 [main] Card_All_Crud_operation - Cards  Created Successfully
[INFO ] 2022-12-16 13:53:52.338 [main] Label_All_Crud_operation_with_negative_Scenario - Label  Created Successfully
[INFO ] 2022-12-16 13:54:38.825 [main] Board_All_Crud_operation_Test - Board Created Successfully
[INFO ] 2022-12-16 13:54:40.158 [main] Board_All_Crud_operation_Test - Board Get Created Successfully
[INFO ] 2022-12-16 13:54:41.476 [main] Board_All_Crud_operation_Test - Board Updated Successfully
[INFO ] 2022-12-16 13:54:43.807 [main] Board_All_Crud_operation_Test - Board Deleted Successfully
[INFO ] 2022-12-16 13:56:02.087 [main] Board_All_Crud_operation_Test - Board Created Successfully
[INFO ] 2022-12-16 13:56:03.414 [main] Board_All_Crud_operation_Test - Board Get Created Successfully
[INFO ] 2022-12-16 13:56:04.739 [main] Board_All_Crud_operation_Test - Board Updated Successfully
[INFO ] 2022-12-16 13:56:06.853 [main] Board_All_Crud_operation_Test - Board Deleted Successfully
[INFO ] 2022-12-16 13:56:11.325 [main] Board_All_Crud_operation_Test - Board Created Successfully
[INFO ] 2022-12-16 13:56:12.520 [main] Board_All_Crud_operation_Test - Board Get Created Successfully
[INFO ] 2022-12-16 13:56:36.776 [main] Board_All_Crud_operation_Test - Board Updated Successfully
[INFO ] 2022-12-16 13:56:58.002 [main] Board_All_Crud_operation_Test - Board Created Successfully
[INFO ] 2022-12-16 13:56:59.298 [main] Board_All_Crud_operation_Test - Board Get Created Successfully
[INFO ] 2022-12-16 13:56:59.826 [main] Board_All_Crud_operation_Test - Board Deleted Successfully
[INFO ] 2022-12-16 13:57:21.733 [main] Board_All_Crud_operation_Test - Board Updated Successfully
[INFO ] 2022-12-16 13:57:24.378 [main] Board_All_Crud_operation_Test - Board Deleted Successfully
[INFO ] 2022-12-16 14:00:46.392 [main] Organization_All_Crud_operation - Organization  Created Successfully
[INFO ] 2022-12-16 14:00:47.962 [main] List_All_Crud_operation - List Created Successfully
[INFO ] 2022-12-16 14:00:49.391 [main] Board_All_Crud_operation_Test - Board Created Successfully
[INFO ] 2022-12-16 14:00:50.820 [main] Card_All_Crud_operation - Cards  Created Successfully
[INFO ] 2022-12-16 14:00:52.472 [main] Label_All_Crud_operation_with_negative_Scenario - Label  Created Successfully
[INFO ] 2022-12-16 14:02:17.681 [main] Label_All_Crud_operation_with_negative_Scenario - Label  Created Successfully
[INFO ] 2022-12-16 14:02:18.786 [main] Label_All_Crud_operation_with_negative_Scenario - Label Get Created Successfully
[INFO ] 2022-12-16 14:02:20.026 [main] Label_All_Crud_operation_with_negative_Scenario - Label updated Successfully
[INFO ] 2022-12-16 14:02:21.335 [main] Label_All_Crud_operation_with_negative_Scenario - Label Delete Successfully
[INFO ] 2022-12-16 14:05:22.968 [main] Organization_All_Crud_operation - Organization  Created Successfully
[INFO ] 2022-12-16 14:05:24.229 [main] List_All_Crud_operation - List Created Successfully
[INFO ] 2022-12-16 14:05:25.663 [main] Board_All_Crud_operation_Test - Board Created Successfully
[INFO ] 2022-12-16 14:05:27.525 [main] Card_All_Crud_operation - Cards  Created Successfully
[INFO ] 2022-12-16 14:05:28.833 [main] Label_All_Crud_operation_with_negative_Scenario - Label  Created Successfully
[INFO ] 2022-12-16 15:42:31.445 [main] Organization_All_Crud_operation - Organization  Created Successfully
[INFO ] 2022-12-16 15:42:32.855 [main] List_All_Crud_operation - List Created Successfully
[INFO ] 2022-12-16 15:42:34.195 [main] Board_All_Crud_operation_Test - Board Created Successfully
[INFO ] 2022-12-16 15:42:35.729 [main] Card_All_Crud_operation - Cards  Created Successfully
[INFO ] 2022-12-16 15:42:36.938 [main] Label_All_Crud_operation_with_negative_Scenario - Label  Created Successfully
[INFO ] 2022-12-16 17:07:30.243 [main] Board_All_Crud_operation_Test - Board Created Successfully
[INFO ] 2022-12-16 17:07:31.554 [main] Board_All_Crud_operation_Test - Board Get Created Successfully
[INFO ] 2022-12-16 17:07:32.970 [main] Board_All_Crud_operation_Test - Board Updated Successfully
[INFO ] 2022-12-16 17:07:35.195 [main] Board_All_Crud_operation_Test - Board Deleted Successfully
[INFO ] 2022-12-16 17:07:49.976 [main] Card_All_Crud_operation - Cards  Created Successfully
[INFO ] 2022-12-16 17:07:51.313 [main] Card_All_Crud_operation - Cards Get Created Successfully
[INFO ] 2022-12-16 17:07:52.722 [main] Card_All_Crud_operation - Cards updated Successfully
[INFO ] 2022-12-16 17:07:54.447 [main] Card_All_Crud_operation - Cards Delete Successfully
[INFO ] 2022-12-16 17:08:19.625 [main] Organization_All_Crud_operation - Organization  Created Successfully
[INFO ] 2022-12-16 17:08:20.824 [main] List_All_Crud_operation - List Created Successfully
[INFO ] 2022-12-16 17:08:22.312 [main] Board_All_Crud_operation_Test - Board Created Successfully
[INFO ] 2022-12-16 17:08:23.757 [main] Card_All_Crud_operation - Cards  Created Successfully
[INFO ] 2022-12-16 17:08:25.189 [main] Label_All_Crud_operation_with_negative_Scenario - Label  Created Successfully
[INFO ] 2022-12-16 17:09:47.049 [main] Organization_All_Crud_operation - Organization  Created Successfully
[INFO ] 2022-12-16 17:09:48.276 [main] List_All_Crud_operation - List Created Successfully
[INFO ] 2022-12-16 17:09:49.628 [main] Board_All_Crud_operation_Test - Board Created Successfully
[INFO ] 2022-12-16 17:09:51.202 [main] Card_All_Crud_operation - Cards  Created Successfully
[INFO ] 2022-12-16 17:09:52.612 [main] Label_All_Crud_operation_with_negative_Scenario - Label  Created Successfully
[INFO ] 2023-01-06 12:33:52.585 [main] Organization_All_Crud_operation - Organization  Created Successfully
[INFO ] 2023-01-06 12:33:53.792 [main] List_All_Crud_operation - List Created Successfully
[INFO ] 2023-01-06 12:33:55.226 [main] Board_All_Crud_operation_Test - Board Created Successfully
[INFO ] 2023-01-06 12:33:56.538 [main] Card_All_Crud_operation - Cards  Created Successfully
[INFO ] 2023-01-06 12:33:57.709 [main] Label_All_Crud_operation_with_negative_Scenario - Label  Created Successfully
[INFO ] 2023-04-26 11:58:32.632 [main] Board_All_Crud_operation_Test - Board Created Successfully
[INFO ] 2023-04-26 11:58:33.547 [main] Board_All_Crud_operation_Test - Board Get Created Successfully
[INFO ] 2023-04-26 11:58:34.455 [main] Board_All_Crud_operation_Test - Board Updated Successfully
[INFO ] 2023-04-26 11:58:36.146 [main] Board_All_Crud_operation_Test - Board Deleted Successfully
[INFO ] 2023-04-26 14:05:57.204 [main] Board_All_Crud_operation_Test - Board Created Successfully
[INFO ] 2023-04-26 14:05:58.237 [main] Board_All_Crud_operation_Test - Board Get Created Successfully
[INFO ] 2023-04-26 14:05:59.879 [main] Board_All_Crud_operation_Test - Board Updated Successfully
[INFO ] 2023-04-26 14:06:01.745 [main] Board_All_Crud_operation_Test - Board Deleted Successfully
[INFO ] 2023-04-26 14:08:09.089 [main] Board_All_Crud_operation_Test - Board Created Successfully
[INFO ] 2023-04-26 14:09:26.526 [main] Board_All_Crud_operation_Test - Board Created Successfully
[INFO ] 2023-04-26 14:09:27.272 [main] Board_All_Crud_operation_Test - Board Get Created Successfully
[INFO ] 2023-04-26 14:09:28.058 [main] Board_All_Crud_operation_Test - Board Updated Successfully
[INFO ] 2023-04-26 14:54:15.702 [main] Board_All_Crud_operation_Test - Board Created Successfully
[INFO ] 2023-04-26 14:54:16.574 [main] Board_All_Crud_operation_Test - Board Get Created Successfully
[INFO ] 2023-04-26 14:54:17.492 [main] Board_All_Crud_operation_Test - Board Updated Successfully
[INFO ] 2023-04-26 14:58:03.845 [main] Board_All_Crud_operation_Test - Board Created Successfully
[INFO ] 2023-04-26 14:58:04.822 [main] Board_All_Crud_operation_Test - Board Get Created Successfully
[INFO ] 2023-04-26 14:58:05.711 [main] Board_All_Crud_operation_Test - Board Updated Successfully
